INFO:     Will watch for changes in these directories: ['/Users/pranjaldubey/Documents/sites/Balaji/backend']
INFO:     Uvicorn running on http://0.0.0.0:8000 (Press CTRL+C to quit)
INFO:     Started reloader process [44775] using WatchFiles
INFO:     Started server process [44778]
INFO:     Waiting for application startup.
INFO:     Application startup complete.
INFO:     127.0.0.1:54508 - "GET /phones?available_only=true HTTP/1.1" 307 Temporary Redirect
INFO:     127.0.0.1:54509 - "GET /phones?available_only=true&deals_only=true HTTP/1.1" 307 Temporary Redirect
INFO:     127.0.0.1:54508 - "GET /phones/?available_only=true HTTP/1.1" 200 OK
INFO:     127.0.0.1:54509 - "GET /phones/?available_only=true&deals_only=true HTTP/1.1" 200 OK
INFO:     127.0.0.1:54510 - "GET /phones?available_only=true HTTP/1.1" 307 Temporary Redirect
INFO:     127.0.0.1:54511 - "GET /phones?available_only=true&deals_only=true HTTP/1.1" 307 Temporary Redirect
INFO:     127.0.0.1:54508 - "GET /phones/?available_only=true HTTP/1.1" 200 OK
INFO:     127.0.0.1:54509 - "GET /phones/?available_only=true&deals_only=true HTTP/1.1" 200 OK
INFO:     127.0.0.1:54553 - "GET /phones?available_only=true HTTP/1.1" 307 Temporary Redirect
INFO:     127.0.0.1:54554 - "GET /phones?available_only=true&deals_only=true HTTP/1.1" 307 Temporary Redirect
INFO:     127.0.0.1:54553 - "GET /phones/?available_only=true HTTP/1.1" 200 OK
INFO:     127.0.0.1:54554 - "GET /phones/?available_only=true&deals_only=true HTTP/1.1" 200 OK
INFO:     127.0.0.1:54556 - "GET /phones?available_only=true HTTP/1.1" 307 Temporary Redirect
INFO:     127.0.0.1:54557 - "GET /phones?available_only=true&deals_only=true HTTP/1.1" 307 Temporary Redirect
INFO:     127.0.0.1:54553 - "GET /phones/?available_only=true HTTP/1.1" 200 OK
INFO:     127.0.0.1:54554 - "GET /phones/?available_only=true&deals_only=true HTTP/1.1" 200 OK
INFO:     127.0.0.1:54556 - "GET /phones/brands?available_only=true HTTP/1.1" 200 OK
INFO:     127.0.0.1:54557 - "GET /phones?available_only=true HTTP/1.1" 307 Temporary Redirect
INFO:     127.0.0.1:54553 - "GET /phones/?available_only=true HTTP/1.1" 200 OK
INFO:     127.0.0.1:54660 - "GET /phones?available_only=true HTTP/1.1" 307 Temporary Redirect
INFO:     127.0.0.1:54661 - "GET /phones?available_only=true&deals_only=true HTTP/1.1" 307 Temporary Redirect
INFO:     127.0.0.1:54660 - "GET /phones/?available_only=true HTTP/1.1" 200 OK
INFO:     127.0.0.1:54661 - "GET /phones/?available_only=true&deals_only=true HTTP/1.1" 200 OK
INFO:     127.0.0.1:54663 - "GET /phones?available_only=true HTTP/1.1" 307 Temporary Redirect
INFO:     127.0.0.1:54664 - "GET /phones?available_only=true&deals_only=true HTTP/1.1" 307 Temporary Redirect
INFO:     127.0.0.1:54660 - "GET /phones/?available_only=true HTTP/1.1" 200 OK
INFO:     127.0.0.1:54661 - "GET /phones/?available_only=true&deals_only=true HTTP/1.1" 200 OK
INFO:     127.0.0.1:54695 - "GET /phones?available_only=true HTTP/1.1" 307 Temporary Redirect
INFO:     127.0.0.1:54696 - "GET /phones?available_only=true&deals_only=true HTTP/1.1" 307 Temporary Redirect
INFO:     127.0.0.1:54695 - "GET /phones/?available_only=true HTTP/1.1" 500 Internal Server Error
ERROR:    Exception in ASGI application
Traceback (most recent call last):
  File "/Users/pranjaldubey/Documents/sites/Balaji/backend/venv/lib/python3.13/site-packages/uvicorn/protocols/http/httptools_impl.py", line 419, in run_asgi
    result = await app(  # type: ignore[func-returns-value]
             ^^^^^^^^^^^^^^^^^^^^^^^^^^^^^^^^^^^^^^^^^^^^^^
        self.scope, self.receive, self.send
        ^^^^^^^^^^^^^^^^^^^^^^^^^^^^^^^^^^^
    )
    ^
  File "/Users/pranjaldubey/Documents/sites/Balaji/backend/venv/lib/python3.13/site-packages/uvicorn/middleware/proxy_headers.py", line 84, in __call__
    return await self.app(scope, receive, send)
           ^^^^^^^^^^^^^^^^^^^^^^^^^^^^^^^^^^^^
  File "/Users/pranjaldubey/Documents/sites/Balaji/backend/venv/lib/python3.13/site-packages/fastapi/applications.py", line 1054, in __call__
    await super().__call__(scope, receive, send)
  File "/Users/pranjaldubey/Documents/sites/Balaji/backend/venv/lib/python3.13/site-packages/starlette/applications.py", line 123, in __call__
    await self.middleware_stack(scope, receive, send)
  File "/Users/pranjaldubey/Documents/sites/Balaji/backend/venv/lib/python3.13/site-packages/starlette/middleware/errors.py", line 186, in __call__
    raise exc
  File "/Users/pranjaldubey/Documents/sites/Balaji/backend/venv/lib/python3.13/site-packages/starlette/middleware/errors.py", line 164, in __call__
    await self.app(scope, receive, _send)
  File "/Users/pranjaldubey/Documents/sites/Balaji/backend/venv/lib/python3.13/site-packages/starlette/middleware/cors.py", line 91, in __call__
    await self.simple_response(scope, receive, send, request_headers=headers)
  File "/Users/pranjaldubey/Documents/sites/Balaji/backend/venv/lib/python3.13/site-packages/starlette/middleware/cors.py", line 146, in simple_response
    await self.app(scope, receive, send)
  File "/Users/pranjaldubey/Documents/sites/Balaji/backend/venv/lib/python3.13/site-packages/starlette/middleware/exceptions.py", line 62, in __call__
    await wrap_app_handling_exceptions(self.app, conn)(scope, receive, send)
  File "/Users/pranjaldubey/Documents/sites/Balaji/backend/venv/lib/python3.13/site-packages/starlette/_exception_handler.py", line 64, in wrapped_app
    raise exc
  File "/Users/pranjaldubey/Documents/sites/Balaji/backend/venv/lib/python3.13/site-packages/starlette/_exception_handler.py", line 53, in wrapped_app
    await app(scope, receive, sender)
  File "/Users/pranjaldubey/Documents/sites/Balaji/backend/venv/lib/python3.13/site-packages/starlette/routing.py", line 762, in __call__
    await self.middleware_stack(scope, receive, send)
  File "/Users/pranjaldubey/Documents/sites/Balaji/backend/venv/lib/python3.13/site-packages/starlette/routing.py", line 782, in app
    await route.handle(scope, receive, send)
  File "/Users/pranjaldubey/Documents/sites/Balaji/backend/venv/lib/python3.13/site-packages/starlette/routing.py", line 297, in handle
    await self.app(scope, receive, send)
  File "/Users/pranjaldubey/Documents/sites/Balaji/backend/venv/lib/python3.13/site-packages/starlette/routing.py", line 77, in app
    await wrap_app_handling_exceptions(app, request)(scope, receive, send)
  File "/Users/pranjaldubey/Documents/sites/Balaji/backend/venv/lib/python3.13/site-packages/starlette/_exception_handler.py", line 64, in wrapped_app
    raise exc
  File "/Users/pranjaldubey/Documents/sites/Balaji/backend/venv/lib/python3.13/site-packages/starlette/_exception_handler.py", line 53, in wrapped_app
    await app(scope, receive, sender)
  File "/Users/pranjaldubey/Documents/sites/Balaji/backend/venv/lib/python3.13/site-packages/starlette/routing.py", line 72, in app
    response = await func(request)
               ^^^^^^^^^^^^^^^^^^^
  File "/Users/pranjaldubey/Documents/sites/Balaji/backend/venv/lib/python3.13/site-packages/fastapi/routing.py", line 315, in app
    content = await serialize_response(
              ^^^^^^^^^^^^^^^^^^^^^^^^^
    ...<9 lines>...
    )
    ^
  File "/Users/pranjaldubey/Documents/sites/Balaji/backend/venv/lib/python3.13/site-packages/fastapi/routing.py", line 155, in serialize_response
    raise ResponseValidationError(
        errors=_normalize_errors(errors), body=response_content
    )
fastapi.exceptions.ResponseValidationError: 1 validation errors:
  {'type': 'string_too_short', 'loc': ('response', 0, 'description'), 'msg': 'String should have at least 10 characters', 'input': 'acha hai', 'ctx': {'min_length': 10}, 'url': 'https://errors.pydantic.dev/2.12/v/string_too_short'}

INFO:     127.0.0.1:54696 - "GET /phones/?available_only=true&deals_only=true HTTP/1.1" 500 Internal Server Error
ERROR:    Exception in ASGI application
Traceback (most recent call last):
  File "/Users/pranjaldubey/Documents/sites/Balaji/backend/venv/lib/python3.13/site-packages/uvicorn/protocols/http/httptools_impl.py", line 419, in run_asgi
    result = await app(  # type: ignore[func-returns-value]
             ^^^^^^^^^^^^^^^^^^^^^^^^^^^^^^^^^^^^^^^^^^^^^^
        self.scope, self.receive, self.send
        ^^^^^^^^^^^^^^^^^^^^^^^^^^^^^^^^^^^
    )
    ^
  File "/Users/pranjaldubey/Documents/sites/Balaji/backend/venv/lib/python3.13/site-packages/uvicorn/middleware/proxy_headers.py", line 84, in __call__
    return await self.app(scope, receive, send)
           ^^^^^^^^^^^^^^^^^^^^^^^^^^^^^^^^^^^^
  File "/Users/pranjaldubey/Documents/sites/Balaji/backend/venv/lib/python3.13/site-packages/fastapi/applications.py", line 1054, in __call__
    await super().__call__(scope, receive, send)
  File "/Users/pranjaldubey/Documents/sites/Balaji/backend/venv/lib/python3.13/site-packages/starlette/applications.py", line 123, in __call__
    await self.middleware_stack(scope, receive, send)
  File "/Users/pranjaldubey/Documents/sites/Balaji/backend/venv/lib/python3.13/site-packages/starlette/middleware/errors.py", line 186, in __call__
    raise exc
  File "/Users/pranjaldubey/Documents/sites/Balaji/backend/venv/lib/python3.13/site-packages/starlette/middleware/errors.py", line 164, in __call__
    await self.app(scope, receive, _send)
  File "/Users/pranjaldubey/Documents/sites/Balaji/backend/venv/lib/python3.13/site-packages/starlette/middleware/cors.py", line 91, in __call__
    await self.simple_response(scope, receive, send, request_headers=headers)
  File "/Users/pranjaldubey/Documents/sites/Balaji/backend/venv/lib/python3.13/site-packages/starlette/middleware/cors.py", line 146, in simple_response
    await self.app(scope, receive, send)
  File "/Users/pranjaldubey/Documents/sites/Balaji/backend/venv/lib/python3.13/site-packages/starlette/middleware/exceptions.py", line 62, in __call__
    await wrap_app_handling_exceptions(self.app, conn)(scope, receive, send)
  File "/Users/pranjaldubey/Documents/sites/Balaji/backend/venv/lib/python3.13/site-packages/starlette/_exception_handler.py", line 64, in wrapped_app
    raise exc
  File "/Users/pranjaldubey/Documents/sites/Balaji/backend/venv/lib/python3.13/site-packages/starlette/_exception_handler.py", line 53, in wrapped_app
    await app(scope, receive, sender)
  File "/Users/pranjaldubey/Documents/sites/Balaji/backend/venv/lib/python3.13/site-packages/starlette/routing.py", line 762, in __call__
    await self.middleware_stack(scope, receive, send)
  File "/Users/pranjaldubey/Documents/sites/Balaji/backend/venv/lib/python3.13/site-packages/starlette/routing.py", line 782, in app
    await route.handle(scope, receive, send)
  File "/Users/pranjaldubey/Documents/sites/Balaji/backend/venv/lib/python3.13/site-packages/starlette/routing.py", line 297, in handle
    await self.app(scope, receive, send)
  File "/Users/pranjaldubey/Documents/sites/Balaji/backend/venv/lib/python3.13/site-packages/starlette/routing.py", line 77, in app
    await wrap_app_handling_exceptions(app, request)(scope, receive, send)
  File "/Users/pranjaldubey/Documents/sites/Balaji/backend/venv/lib/python3.13/site-packages/starlette/_exception_handler.py", line 64, in wrapped_app
    raise exc
  File "/Users/pranjaldubey/Documents/sites/Balaji/backend/venv/lib/python3.13/site-packages/starlette/_exception_handler.py", line 53, in wrapped_app
    await app(scope, receive, sender)
  File "/Users/pranjaldubey/Documents/sites/Balaji/backend/venv/lib/python3.13/site-packages/starlette/routing.py", line 72, in app
    response = await func(request)
               ^^^^^^^^^^^^^^^^^^^
  File "/Users/pranjaldubey/Documents/sites/Balaji/backend/venv/lib/python3.13/site-packages/fastapi/routing.py", line 315, in app
    content = await serialize_response(
              ^^^^^^^^^^^^^^^^^^^^^^^^^
    ...<9 lines>...
    )
    ^
  File "/Users/pranjaldubey/Documents/sites/Balaji/backend/venv/lib/python3.13/site-packages/fastapi/routing.py", line 155, in serialize_response
    raise ResponseValidationError(
        errors=_normalize_errors(errors), body=response_content
    )
fastapi.exceptions.ResponseValidationError: 1 validation errors:
  {'type': 'string_too_short', 'loc': ('response', 0, 'description'), 'msg': 'String should have at least 10 characters', 'input': 'acha hai', 'ctx': {'min_length': 10}, 'url': 'https://errors.pydantic.dev/2.12/v/string_too_short'}

INFO:     127.0.0.1:54697 - "GET /phones?available_only=true HTTP/1.1" 307 Temporary Redirect
INFO:     127.0.0.1:54698 - "GET /phones?available_only=true&deals_only=true HTTP/1.1" 307 Temporary Redirect
INFO:     127.0.0.1:54697 - "GET /phones/?available_only=true HTTP/1.1" 500 Internal Server Error
ERROR:    Exception in ASGI application
Traceback (most recent call last):
  File "/Users/pranjaldubey/Documents/sites/Balaji/backend/venv/lib/python3.13/site-packages/uvicorn/protocols/http/httptools_impl.py", line 419, in run_asgi
    result = await app(  # type: ignore[func-returns-value]
             ^^^^^^^^^^^^^^^^^^^^^^^^^^^^^^^^^^^^^^^^^^^^^^
        self.scope, self.receive, self.send
        ^^^^^^^^^^^^^^^^^^^^^^^^^^^^^^^^^^^
    )
    ^
  File "/Users/pranjaldubey/Documents/sites/Balaji/backend/venv/lib/python3.13/site-packages/uvicorn/middleware/proxy_headers.py", line 84, in __call__
    return await self.app(scope, receive, send)
           ^^^^^^^^^^^^^^^^^^^^^^^^^^^^^^^^^^^^
  File "/Users/pranjaldubey/Documents/sites/Balaji/backend/venv/lib/python3.13/site-packages/fastapi/applications.py", line 1054, in __call__
    await super().__call__(scope, receive, send)
  File "/Users/pranjaldubey/Documents/sites/Balaji/backend/venv/lib/python3.13/site-packages/starlette/applications.py", line 123, in __call__
    await self.middleware_stack(scope, receive, send)
  File "/Users/pranjaldubey/Documents/sites/Balaji/backend/venv/lib/python3.13/site-packages/starlette/middleware/errors.py", line 186, in __call__
    raise exc
  File "/Users/pranjaldubey/Documents/sites/Balaji/backend/venv/lib/python3.13/site-packages/starlette/middleware/errors.py", line 164, in __call__
    await self.app(scope, receive, _send)
  File "/Users/pranjaldubey/Documents/sites/Balaji/backend/venv/lib/python3.13/site-packages/starlette/middleware/cors.py", line 91, in __call__
    await self.simple_response(scope, receive, send, request_headers=headers)
  File "/Users/pranjaldubey/Documents/sites/Balaji/backend/venv/lib/python3.13/site-packages/starlette/middleware/cors.py", line 146, in simple_response
    await self.app(scope, receive, send)
  File "/Users/pranjaldubey/Documents/sites/Balaji/backend/venv/lib/python3.13/site-packages/starlette/middleware/exceptions.py", line 62, in __call__
    await wrap_app_handling_exceptions(self.app, conn)(scope, receive, send)
  File "/Users/pranjaldubey/Documents/sites/Balaji/backend/venv/lib/python3.13/site-packages/starlette/_exception_handler.py", line 64, in wrapped_app
    raise exc
  File "/Users/pranjaldubey/Documents/sites/Balaji/backend/venv/lib/python3.13/site-packages/starlette/_exception_handler.py", line 53, in wrapped_app
    await app(scope, receive, sender)
  File "/Users/pranjaldubey/Documents/sites/Balaji/backend/venv/lib/python3.13/site-packages/starlette/routing.py", line 762, in __call__
    await self.middleware_stack(scope, receive, send)
  File "/Users/pranjaldubey/Documents/sites/Balaji/backend/venv/lib/python3.13/site-packages/starlette/routing.py", line 782, in app
    await route.handle(scope, receive, send)
  File "/Users/pranjaldubey/Documents/sites/Balaji/backend/venv/lib/python3.13/site-packages/starlette/routing.py", line 297, in handle
    await self.app(scope, receive, send)
  File "/Users/pranjaldubey/Documents/sites/Balaji/backend/venv/lib/python3.13/site-packages/starlette/routing.py", line 77, in app
    await wrap_app_handling_exceptions(app, request)(scope, receive, send)
  File "/Users/pranjaldubey/Documents/sites/Balaji/backend/venv/lib/python3.13/site-packages/starlette/_exception_handler.py", line 64, in wrapped_app
    raise exc
  File "/Users/pranjaldubey/Documents/sites/Balaji/backend/venv/lib/python3.13/site-packages/starlette/_exception_handler.py", line 53, in wrapped_app
    await app(scope, receive, sender)
  File "/Users/pranjaldubey/Documents/sites/Balaji/backend/venv/lib/python3.13/site-packages/starlette/routing.py", line 72, in app
    response = await func(request)
               ^^^^^^^^^^^^^^^^^^^
  File "/Users/pranjaldubey/Documents/sites/Balaji/backend/venv/lib/python3.13/site-packages/fastapi/routing.py", line 315, in app
    content = await serialize_response(
              ^^^^^^^^^^^^^^^^^^^^^^^^^
    ...<9 lines>...
    )
    ^
  File "/Users/pranjaldubey/Documents/sites/Balaji/backend/venv/lib/python3.13/site-packages/fastapi/routing.py", line 155, in serialize_response
    raise ResponseValidationError(
        errors=_normalize_errors(errors), body=response_content
    )
fastapi.exceptions.ResponseValidationError: 1 validation errors:
  {'type': 'string_too_short', 'loc': ('response', 0, 'description'), 'msg': 'String should have at least 10 characters', 'input': 'acha hai', 'ctx': {'min_length': 10}, 'url': 'https://errors.pydantic.dev/2.12/v/string_too_short'}

INFO:     127.0.0.1:54698 - "GET /phones/?available_only=true&deals_only=true HTTP/1.1" 500 Internal Server Error
ERROR:    Exception in ASGI application
Traceback (most recent call last):
  File "/Users/pranjaldubey/Documents/sites/Balaji/backend/venv/lib/python3.13/site-packages/uvicorn/protocols/http/httptools_impl.py", line 419, in run_asgi
    result = await app(  # type: ignore[func-returns-value]
             ^^^^^^^^^^^^^^^^^^^^^^^^^^^^^^^^^^^^^^^^^^^^^^
        self.scope, self.receive, self.send
        ^^^^^^^^^^^^^^^^^^^^^^^^^^^^^^^^^^^
    )
    ^
  File "/Users/pranjaldubey/Documents/sites/Balaji/backend/venv/lib/python3.13/site-packages/uvicorn/middleware/proxy_headers.py", line 84, in __call__
    return await self.app(scope, receive, send)
           ^^^^^^^^^^^^^^^^^^^^^^^^^^^^^^^^^^^^
  File "/Users/pranjaldubey/Documents/sites/Balaji/backend/venv/lib/python3.13/site-packages/fastapi/applications.py", line 1054, in __call__
    await super().__call__(scope, receive, send)
  File "/Users/pranjaldubey/Documents/sites/Balaji/backend/venv/lib/python3.13/site-packages/starlette/applications.py", line 123, in __call__
    await self.middleware_stack(scope, receive, send)
  File "/Users/pranjaldubey/Documents/sites/Balaji/backend/venv/lib/python3.13/site-packages/starlette/middleware/errors.py", line 186, in __call__
    raise exc
  File "/Users/pranjaldubey/Documents/sites/Balaji/backend/venv/lib/python3.13/site-packages/starlette/middleware/errors.py", line 164, in __call__
    await self.app(scope, receive, _send)
  File "/Users/pranjaldubey/Documents/sites/Balaji/backend/venv/lib/python3.13/site-packages/starlette/middleware/cors.py", line 91, in __call__
    await self.simple_response(scope, receive, send, request_headers=headers)
  File "/Users/pranjaldubey/Documents/sites/Balaji/backend/venv/lib/python3.13/site-packages/starlette/middleware/cors.py", line 146, in simple_response
    await self.app(scope, receive, send)
  File "/Users/pranjaldubey/Documents/sites/Balaji/backend/venv/lib/python3.13/site-packages/starlette/middleware/exceptions.py", line 62, in __call__
    await wrap_app_handling_exceptions(self.app, conn)(scope, receive, send)
  File "/Users/pranjaldubey/Documents/sites/Balaji/backend/venv/lib/python3.13/site-packages/starlette/_exception_handler.py", line 64, in wrapped_app
    raise exc
  File "/Users/pranjaldubey/Documents/sites/Balaji/backend/venv/lib/python3.13/site-packages/starlette/_exception_handler.py", line 53, in wrapped_app
    await app(scope, receive, sender)
  File "/Users/pranjaldubey/Documents/sites/Balaji/backend/venv/lib/python3.13/site-packages/starlette/routing.py", line 762, in __call__
    await self.middleware_stack(scope, receive, send)
  File "/Users/pranjaldubey/Documents/sites/Balaji/backend/venv/lib/python3.13/site-packages/starlette/routing.py", line 782, in app
    await route.handle(scope, receive, send)
  File "/Users/pranjaldubey/Documents/sites/Balaji/backend/venv/lib/python3.13/site-packages/starlette/routing.py", line 297, in handle
    await self.app(scope, receive, send)
  File "/Users/pranjaldubey/Documents/sites/Balaji/backend/venv/lib/python3.13/site-packages/starlette/routing.py", line 77, in app
    await wrap_app_handling_exceptions(app, request)(scope, receive, send)
  File "/Users/pranjaldubey/Documents/sites/Balaji/backend/venv/lib/python3.13/site-packages/starlette/_exception_handler.py", line 64, in wrapped_app
    raise exc
  File "/Users/pranjaldubey/Documents/sites/Balaji/backend/venv/lib/python3.13/site-packages/starlette/_exception_handler.py", line 53, in wrapped_app
    await app(scope, receive, sender)
  File "/Users/pranjaldubey/Documents/sites/Balaji/backend/venv/lib/python3.13/site-packages/starlette/routing.py", line 72, in app
    response = await func(request)
               ^^^^^^^^^^^^^^^^^^^
  File "/Users/pranjaldubey/Documents/sites/Balaji/backend/venv/lib/python3.13/site-packages/fastapi/routing.py", line 315, in app
    content = await serialize_response(
              ^^^^^^^^^^^^^^^^^^^^^^^^^
    ...<9 lines>...
    )
    ^
  File "/Users/pranjaldubey/Documents/sites/Balaji/backend/venv/lib/python3.13/site-packages/fastapi/routing.py", line 155, in serialize_response
    raise ResponseValidationError(
        errors=_normalize_errors(errors), body=response_content
    )
fastapi.exceptions.ResponseValidationError: 1 validation errors:
  {'type': 'string_too_short', 'loc': ('response', 0, 'description'), 'msg': 'String should have at least 10 characters', 'input': 'acha hai', 'ctx': {'min_length': 10}, 'url': 'https://errors.pydantic.dev/2.12/v/string_too_short'}

INFO:     127.0.0.1:54702 - "GET /phones?available_only=true HTTP/1.1" 307 Temporary Redirect
INFO:     127.0.0.1:54703 - "GET /phones?available_only=true&deals_only=true HTTP/1.1" 307 Temporary Redirect
INFO:     127.0.0.1:54702 - "GET /phones/?available_only=true HTTP/1.1" 500 Internal Server Error
ERROR:    Exception in ASGI application
Traceback (most recent call last):
  File "/Users/pranjaldubey/Documents/sites/Balaji/backend/venv/lib/python3.13/site-packages/uvicorn/protocols/http/httptools_impl.py", line 419, in run_asgi
    result = await app(  # type: ignore[func-returns-value]
             ^^^^^^^^^^^^^^^^^^^^^^^^^^^^^^^^^^^^^^^^^^^^^^
        self.scope, self.receive, self.send
        ^^^^^^^^^^^^^^^^^^^^^^^^^^^^^^^^^^^
    )
    ^
  File "/Users/pranjaldubey/Documents/sites/Balaji/backend/venv/lib/python3.13/site-packages/uvicorn/middleware/proxy_headers.py", line 84, in __call__
    return await self.app(scope, receive, send)
           ^^^^^^^^^^^^^^^^^^^^^^^^^^^^^^^^^^^^
  File "/Users/pranjaldubey/Documents/sites/Balaji/backend/venv/lib/python3.13/site-packages/fastapi/applications.py", line 1054, in __call__
    await super().__call__(scope, receive, send)
  File "/Users/pranjaldubey/Documents/sites/Balaji/backend/venv/lib/python3.13/site-packages/starlette/applications.py", line 123, in __call__
    await self.middleware_stack(scope, receive, send)
  File "/Users/pranjaldubey/Documents/sites/Balaji/backend/venv/lib/python3.13/site-packages/starlette/middleware/errors.py", line 186, in __call__
    raise exc
  File "/Users/pranjaldubey/Documents/sites/Balaji/backend/venv/lib/python3.13/site-packages/starlette/middleware/errors.py", line 164, in __call__
    await self.app(scope, receive, _send)
  File "/Users/pranjaldubey/Documents/sites/Balaji/backend/venv/lib/python3.13/site-packages/starlette/middleware/cors.py", line 91, in __call__
    await self.simple_response(scope, receive, send, request_headers=headers)
  File "/Users/pranjaldubey/Documents/sites/Balaji/backend/venv/lib/python3.13/site-packages/starlette/middleware/cors.py", line 146, in simple_response
    await self.app(scope, receive, send)
  File "/Users/pranjaldubey/Documents/sites/Balaji/backend/venv/lib/python3.13/site-packages/starlette/middleware/exceptions.py", line 62, in __call__
    await wrap_app_handling_exceptions(self.app, conn)(scope, receive, send)
  File "/Users/pranjaldubey/Documents/sites/Balaji/backend/venv/lib/python3.13/site-packages/starlette/_exception_handler.py", line 64, in wrapped_app
    raise exc
  File "/Users/pranjaldubey/Documents/sites/Balaji/backend/venv/lib/python3.13/site-packages/starlette/_exception_handler.py", line 53, in wrapped_app
    await app(scope, receive, sender)
  File "/Users/pranjaldubey/Documents/sites/Balaji/backend/venv/lib/python3.13/site-packages/starlette/routing.py", line 762, in __call__
    await self.middleware_stack(scope, receive, send)
  File "/Users/pranjaldubey/Documents/sites/Balaji/backend/venv/lib/python3.13/site-packages/starlette/routing.py", line 782, in app
    await route.handle(scope, receive, send)
  File "/Users/pranjaldubey/Documents/sites/Balaji/backend/venv/lib/python3.13/site-packages/starlette/routing.py", line 297, in handle
    await self.app(scope, receive, send)
  File "/Users/pranjaldubey/Documents/sites/Balaji/backend/venv/lib/python3.13/site-packages/starlette/routing.py", line 77, in app
    await wrap_app_handling_exceptions(app, request)(scope, receive, send)
  File "/Users/pranjaldubey/Documents/sites/Balaji/backend/venv/lib/python3.13/site-packages/starlette/_exception_handler.py", line 64, in wrapped_app
    raise exc
  File "/Users/pranjaldubey/Documents/sites/Balaji/backend/venv/lib/python3.13/site-packages/starlette/_exception_handler.py", line 53, in wrapped_app
    await app(scope, receive, sender)
  File "/Users/pranjaldubey/Documents/sites/Balaji/backend/venv/lib/python3.13/site-packages/starlette/routing.py", line 72, in app
    response = await func(request)
               ^^^^^^^^^^^^^^^^^^^
  File "/Users/pranjaldubey/Documents/sites/Balaji/backend/venv/lib/python3.13/site-packages/fastapi/routing.py", line 315, in app
    content = await serialize_response(
              ^^^^^^^^^^^^^^^^^^^^^^^^^
    ...<9 lines>...
    )
    ^
  File "/Users/pranjaldubey/Documents/sites/Balaji/backend/venv/lib/python3.13/site-packages/fastapi/routing.py", line 155, in serialize_response
    raise ResponseValidationError(
        errors=_normalize_errors(errors), body=response_content
    )
fastapi.exceptions.ResponseValidationError: 1 validation errors:
  {'type': 'string_too_short', 'loc': ('response', 0, 'description'), 'msg': 'String should have at least 10 characters', 'input': 'acha hai', 'ctx': {'min_length': 10}, 'url': 'https://errors.pydantic.dev/2.12/v/string_too_short'}

INFO:     127.0.0.1:54703 - "GET /phones/?available_only=true&deals_only=true HTTP/1.1" 500 Internal Server Error
ERROR:    Exception in ASGI application
Traceback (most recent call last):
  File "/Users/pranjaldubey/Documents/sites/Balaji/backend/venv/lib/python3.13/site-packages/uvicorn/protocols/http/httptools_impl.py", line 419, in run_asgi
    result = await app(  # type: ignore[func-returns-value]
             ^^^^^^^^^^^^^^^^^^^^^^^^^^^^^^^^^^^^^^^^^^^^^^
        self.scope, self.receive, self.send
        ^^^^^^^^^^^^^^^^^^^^^^^^^^^^^^^^^^^
    )
    ^
  File "/Users/pranjaldubey/Documents/sites/Balaji/backend/venv/lib/python3.13/site-packages/uvicorn/middleware/proxy_headers.py", line 84, in __call__
    return await self.app(scope, receive, send)
           ^^^^^^^^^^^^^^^^^^^^^^^^^^^^^^^^^^^^
  File "/Users/pranjaldubey/Documents/sites/Balaji/backend/venv/lib/python3.13/site-packages/fastapi/applications.py", line 1054, in __call__
    await super().__call__(scope, receive, send)
  File "/Users/pranjaldubey/Documents/sites/Balaji/backend/venv/lib/python3.13/site-packages/starlette/applications.py", line 123, in __call__
    await self.middleware_stack(scope, receive, send)
  File "/Users/pranjaldubey/Documents/sites/Balaji/backend/venv/lib/python3.13/site-packages/starlette/middleware/errors.py", line 186, in __call__
    raise exc
  File "/Users/pranjaldubey/Documents/sites/Balaji/backend/venv/lib/python3.13/site-packages/starlette/middleware/errors.py", line 164, in __call__
    await self.app(scope, receive, _send)
  File "/Users/pranjaldubey/Documents/sites/Balaji/backend/venv/lib/python3.13/site-packages/starlette/middleware/cors.py", line 91, in __call__
    await self.simple_response(scope, receive, send, request_headers=headers)
  File "/Users/pranjaldubey/Documents/sites/Balaji/backend/venv/lib/python3.13/site-packages/starlette/middleware/cors.py", line 146, in simple_response
    await self.app(scope, receive, send)
  File "/Users/pranjaldubey/Documents/sites/Balaji/backend/venv/lib/python3.13/site-packages/starlette/middleware/exceptions.py", line 62, in __call__
    await wrap_app_handling_exceptions(self.app, conn)(scope, receive, send)
  File "/Users/pranjaldubey/Documents/sites/Balaji/backend/venv/lib/python3.13/site-packages/starlette/_exception_handler.py", line 64, in wrapped_app
    raise exc
  File "/Users/pranjaldubey/Documents/sites/Balaji/backend/venv/lib/python3.13/site-packages/starlette/_exception_handler.py", line 53, in wrapped_app
    await app(scope, receive, sender)
  File "/Users/pranjaldubey/Documents/sites/Balaji/backend/venv/lib/python3.13/site-packages/starlette/routing.py", line 762, in __call__
    await self.middleware_stack(scope, receive, send)
  File "/Users/pranjaldubey/Documents/sites/Balaji/backend/venv/lib/python3.13/site-packages/starlette/routing.py", line 782, in app
    await route.handle(scope, receive, send)
  File "/Users/pranjaldubey/Documents/sites/Balaji/backend/venv/lib/python3.13/site-packages/starlette/routing.py", line 297, in handle
    await self.app(scope, receive, send)
  File "/Users/pranjaldubey/Documents/sites/Balaji/backend/venv/lib/python3.13/site-packages/starlette/routing.py", line 77, in app
    await wrap_app_handling_exceptions(app, request)(scope, receive, send)
  File "/Users/pranjaldubey/Documents/sites/Balaji/backend/venv/lib/python3.13/site-packages/starlette/_exception_handler.py", line 64, in wrapped_app
    raise exc
  File "/Users/pranjaldubey/Documents/sites/Balaji/backend/venv/lib/python3.13/site-packages/starlette/_exception_handler.py", line 53, in wrapped_app
    await app(scope, receive, sender)
  File "/Users/pranjaldubey/Documents/sites/Balaji/backend/venv/lib/python3.13/site-packages/starlette/routing.py", line 72, in app
    response = await func(request)
               ^^^^^^^^^^^^^^^^^^^
  File "/Users/pranjaldubey/Documents/sites/Balaji/backend/venv/lib/python3.13/site-packages/fastapi/routing.py", line 315, in app
    content = await serialize_response(
              ^^^^^^^^^^^^^^^^^^^^^^^^^
    ...<9 lines>...
    )
    ^
  File "/Users/pranjaldubey/Documents/sites/Balaji/backend/venv/lib/python3.13/site-packages/fastapi/routing.py", line 155, in serialize_response
    raise ResponseValidationError(
        errors=_normalize_errors(errors), body=response_content
    )
fastapi.exceptions.ResponseValidationError: 1 validation errors:
  {'type': 'string_too_short', 'loc': ('response', 0, 'description'), 'msg': 'String should have at least 10 characters', 'input': 'acha hai', 'ctx': {'min_length': 10}, 'url': 'https://errors.pydantic.dev/2.12/v/string_too_short'}

INFO:     127.0.0.1:54704 - "GET /phones?available_only=true HTTP/1.1" 307 Temporary Redirect
INFO:     127.0.0.1:54705 - "GET /phones?available_only=true&deals_only=true HTTP/1.1" 307 Temporary Redirect
INFO:     127.0.0.1:54704 - "GET /phones/?available_only=true HTTP/1.1" 500 Internal Server Error
ERROR:    Exception in ASGI application
Traceback (most recent call last):
  File "/Users/pranjaldubey/Documents/sites/Balaji/backend/venv/lib/python3.13/site-packages/uvicorn/protocols/http/httptools_impl.py", line 419, in run_asgi
    result = await app(  # type: ignore[func-returns-value]
             ^^^^^^^^^^^^^^^^^^^^^^^^^^^^^^^^^^^^^^^^^^^^^^
        self.scope, self.receive, self.send
        ^^^^^^^^^^^^^^^^^^^^^^^^^^^^^^^^^^^
    )
    ^
  File "/Users/pranjaldubey/Documents/sites/Balaji/backend/venv/lib/python3.13/site-packages/uvicorn/middleware/proxy_headers.py", line 84, in __call__
    return await self.app(scope, receive, send)
           ^^^^^^^^^^^^^^^^^^^^^^^^^^^^^^^^^^^^
  File "/Users/pranjaldubey/Documents/sites/Balaji/backend/venv/lib/python3.13/site-packages/fastapi/applications.py", line 1054, in __call__
    await super().__call__(scope, receive, send)
  File "/Users/pranjaldubey/Documents/sites/Balaji/backend/venv/lib/python3.13/site-packages/starlette/applications.py", line 123, in __call__
    await self.middleware_stack(scope, receive, send)
  File "/Users/pranjaldubey/Documents/sites/Balaji/backend/venv/lib/python3.13/site-packages/starlette/middleware/errors.py", line 186, in __call__
    raise exc
  File "/Users/pranjaldubey/Documents/sites/Balaji/backend/venv/lib/python3.13/site-packages/starlette/middleware/errors.py", line 164, in __call__
    await self.app(scope, receive, _send)
  File "/Users/pranjaldubey/Documents/sites/Balaji/backend/venv/lib/python3.13/site-packages/starlette/middleware/cors.py", line 91, in __call__
    await self.simple_response(scope, receive, send, request_headers=headers)
  File "/Users/pranjaldubey/Documents/sites/Balaji/backend/venv/lib/python3.13/site-packages/starlette/middleware/cors.py", line 146, in simple_response
    await self.app(scope, receive, send)
  File "/Users/pranjaldubey/Documents/sites/Balaji/backend/venv/lib/python3.13/site-packages/starlette/middleware/exceptions.py", line 62, in __call__
    await wrap_app_handling_exceptions(self.app, conn)(scope, receive, send)
  File "/Users/pranjaldubey/Documents/sites/Balaji/backend/venv/lib/python3.13/site-packages/starlette/_exception_handler.py", line 64, in wrapped_app
    raise exc
  File "/Users/pranjaldubey/Documents/sites/Balaji/backend/venv/lib/python3.13/site-packages/starlette/_exception_handler.py", line 53, in wrapped_app
    await app(scope, receive, sender)
  File "/Users/pranjaldubey/Documents/sites/Balaji/backend/venv/lib/python3.13/site-packages/starlette/routing.py", line 762, in __call__
    await self.middleware_stack(scope, receive, send)
  File "/Users/pranjaldubey/Documents/sites/Balaji/backend/venv/lib/python3.13/site-packages/starlette/routing.py", line 782, in app
    await route.handle(scope, receive, send)
  File "/Users/pranjaldubey/Documents/sites/Balaji/backend/venv/lib/python3.13/site-packages/starlette/routing.py", line 297, in handle
    await self.app(scope, receive, send)
  File "/Users/pranjaldubey/Documents/sites/Balaji/backend/venv/lib/python3.13/site-packages/starlette/routing.py", line 77, in app
    await wrap_app_handling_exceptions(app, request)(scope, receive, send)
  File "/Users/pranjaldubey/Documents/sites/Balaji/backend/venv/lib/python3.13/site-packages/starlette/_exception_handler.py", line 64, in wrapped_app
    raise exc
  File "/Users/pranjaldubey/Documents/sites/Balaji/backend/venv/lib/python3.13/site-packages/starlette/_exception_handler.py", line 53, in wrapped_app
    await app(scope, receive, sender)
  File "/Users/pranjaldubey/Documents/sites/Balaji/backend/venv/lib/python3.13/site-packages/starlette/routing.py", line 72, in app
    response = await func(request)
               ^^^^^^^^^^^^^^^^^^^
  File "/Users/pranjaldubey/Documents/sites/Balaji/backend/venv/lib/python3.13/site-packages/fastapi/routing.py", line 315, in app
    content = await serialize_response(
              ^^^^^^^^^^^^^^^^^^^^^^^^^
    ...<9 lines>...
    )
    ^
  File "/Users/pranjaldubey/Documents/sites/Balaji/backend/venv/lib/python3.13/site-packages/fastapi/routing.py", line 155, in serialize_response
    raise ResponseValidationError(
        errors=_normalize_errors(errors), body=response_content
    )
fastapi.exceptions.ResponseValidationError: 1 validation errors:
  {'type': 'string_too_short', 'loc': ('response', 0, 'description'), 'msg': 'String should have at least 10 characters', 'input': 'acha hai', 'ctx': {'min_length': 10}, 'url': 'https://errors.pydantic.dev/2.12/v/string_too_short'}

INFO:     127.0.0.1:54705 - "GET /phones/?available_only=true&deals_only=true HTTP/1.1" 500 Internal Server Error
ERROR:    Exception in ASGI application
Traceback (most recent call last):
  File "/Users/pranjaldubey/Documents/sites/Balaji/backend/venv/lib/python3.13/site-packages/uvicorn/protocols/http/httptools_impl.py", line 419, in run_asgi
    result = await app(  # type: ignore[func-returns-value]
             ^^^^^^^^^^^^^^^^^^^^^^^^^^^^^^^^^^^^^^^^^^^^^^
        self.scope, self.receive, self.send
        ^^^^^^^^^^^^^^^^^^^^^^^^^^^^^^^^^^^
    )
    ^
  File "/Users/pranjaldubey/Documents/sites/Balaji/backend/venv/lib/python3.13/site-packages/uvicorn/middleware/proxy_headers.py", line 84, in __call__
    return await self.app(scope, receive, send)
           ^^^^^^^^^^^^^^^^^^^^^^^^^^^^^^^^^^^^
  File "/Users/pranjaldubey/Documents/sites/Balaji/backend/venv/lib/python3.13/site-packages/fastapi/applications.py", line 1054, in __call__
    await super().__call__(scope, receive, send)
  File "/Users/pranjaldubey/Documents/sites/Balaji/backend/venv/lib/python3.13/site-packages/starlette/applications.py", line 123, in __call__
    await self.middleware_stack(scope, receive, send)
  File "/Users/pranjaldubey/Documents/sites/Balaji/backend/venv/lib/python3.13/site-packages/starlette/middleware/errors.py", line 186, in __call__
    raise exc
  File "/Users/pranjaldubey/Documents/sites/Balaji/backend/venv/lib/python3.13/site-packages/starlette/middleware/errors.py", line 164, in __call__
    await self.app(scope, receive, _send)
  File "/Users/pranjaldubey/Documents/sites/Balaji/backend/venv/lib/python3.13/site-packages/starlette/middleware/cors.py", line 91, in __call__
    await self.simple_response(scope, receive, send, request_headers=headers)
  File "/Users/pranjaldubey/Documents/sites/Balaji/backend/venv/lib/python3.13/site-packages/starlette/middleware/cors.py", line 146, in simple_response
    await self.app(scope, receive, send)
  File "/Users/pranjaldubey/Documents/sites/Balaji/backend/venv/lib/python3.13/site-packages/starlette/middleware/exceptions.py", line 62, in __call__
    await wrap_app_handling_exceptions(self.app, conn)(scope, receive, send)
  File "/Users/pranjaldubey/Documents/sites/Balaji/backend/venv/lib/python3.13/site-packages/starlette/_exception_handler.py", line 64, in wrapped_app
    raise exc
  File "/Users/pranjaldubey/Documents/sites/Balaji/backend/venv/lib/python3.13/site-packages/starlette/_exception_handler.py", line 53, in wrapped_app
    await app(scope, receive, sender)
  File "/Users/pranjaldubey/Documents/sites/Balaji/backend/venv/lib/python3.13/site-packages/starlette/routing.py", line 762, in __call__
    await self.middleware_stack(scope, receive, send)
  File "/Users/pranjaldubey/Documents/sites/Balaji/backend/venv/lib/python3.13/site-packages/starlette/routing.py", line 782, in app
    await route.handle(scope, receive, send)
  File "/Users/pranjaldubey/Documents/sites/Balaji/backend/venv/lib/python3.13/site-packages/starlette/routing.py", line 297, in handle
    await self.app(scope, receive, send)
  File "/Users/pranjaldubey/Documents/sites/Balaji/backend/venv/lib/python3.13/site-packages/starlette/routing.py", line 77, in app
    await wrap_app_handling_exceptions(app, request)(scope, receive, send)
  File "/Users/pranjaldubey/Documents/sites/Balaji/backend/venv/lib/python3.13/site-packages/starlette/_exception_handler.py", line 64, in wrapped_app
    raise exc
  File "/Users/pranjaldubey/Documents/sites/Balaji/backend/venv/lib/python3.13/site-packages/starlette/_exception_handler.py", line 53, in wrapped_app
    await app(scope, receive, sender)
  File "/Users/pranjaldubey/Documents/sites/Balaji/backend/venv/lib/python3.13/site-packages/starlette/routing.py", line 72, in app
    response = await func(request)
               ^^^^^^^^^^^^^^^^^^^
  File "/Users/pranjaldubey/Documents/sites/Balaji/backend/venv/lib/python3.13/site-packages/fastapi/routing.py", line 315, in app
    content = await serialize_response(
              ^^^^^^^^^^^^^^^^^^^^^^^^^
    ...<9 lines>...
    )
    ^
  File "/Users/pranjaldubey/Documents/sites/Balaji/backend/venv/lib/python3.13/site-packages/fastapi/routing.py", line 155, in serialize_response
    raise ResponseValidationError(
        errors=_normalize_errors(errors), body=response_content
    )
fastapi.exceptions.ResponseValidationError: 1 validation errors:
  {'type': 'string_too_short', 'loc': ('response', 0, 'description'), 'msg': 'String should have at least 10 characters', 'input': 'acha hai', 'ctx': {'min_length': 10}, 'url': 'https://errors.pydantic.dev/2.12/v/string_too_short'}

INFO:     127.0.0.1:54727 - "GET /phones?available_only=true HTTP/1.1" 307 Temporary Redirect
INFO:     127.0.0.1:54728 - "GET /phones?available_only=true&deals_only=true HTTP/1.1" 307 Temporary Redirect
INFO:     127.0.0.1:54727 - "GET /phones/?available_only=true HTTP/1.1" 200 OK
INFO:     127.0.0.1:54728 - "GET /phones/?available_only=true&deals_only=true HTTP/1.1" 200 OK
INFO:     127.0.0.1:54730 - "GET /phones?available_only=true HTTP/1.1" 307 Temporary Redirect
INFO:     127.0.0.1:54731 - "GET /phones?available_only=true&deals_only=true HTTP/1.1" 307 Temporary Redirect
INFO:     127.0.0.1:54727 - "GET /phones/?available_only=true HTTP/1.1" 200 OK
INFO:     127.0.0.1:54728 - "GET /phones/?available_only=true&deals_only=true HTTP/1.1" 200 OK
INFO:     127.0.0.1:54735 - "GET /phones?available_only=true HTTP/1.1" 307 Temporary Redirect
INFO:     127.0.0.1:54736 - "GET /phones?available_only=true&deals_only=true HTTP/1.1" 307 Temporary Redirect
INFO:     127.0.0.1:54735 - "GET /phones/?available_only=true HTTP/1.1" 200 OK
INFO:     127.0.0.1:54736 - "GET /phones/?available_only=true&deals_only=true HTTP/1.1" 200 OK
INFO:     127.0.0.1:54738 - "GET /phones?available_only=true HTTP/1.1" 307 Temporary Redirect
INFO:     127.0.0.1:54739 - "GET /phones?available_only=true&deals_only=true HTTP/1.1" 307 Temporary Redirect
INFO:     127.0.0.1:54735 - "GET /phones/?available_only=true HTTP/1.1" 200 OK
INFO:     127.0.0.1:54736 - "GET /phones/?available_only=true&deals_only=true HTTP/1.1" 200 OK
INFO:     127.0.0.1:54741 - "GET /phones/brands?available_only=true HTTP/1.1" 200 OK
INFO:     127.0.0.1:54743 - "GET /phones?available_only=true HTTP/1.1" 307 Temporary Redirect
INFO:     127.0.0.1:54741 - "GET /phones/?available_only=true HTTP/1.1" 200 OK
INFO:     127.0.0.1:54747 - "GET /phones/brands?available_only=true HTTP/1.1" 200 OK
INFO:     127.0.0.1:54749 - "GET /phones?available_only=true HTTP/1.1" 307 Temporary Redirect
INFO:     127.0.0.1:54747 - "GET /phones/?available_only=true HTTP/1.1" 200 OK
INFO:     127.0.0.1:54756 - "GET /phones?available_only=true HTTP/1.1" 307 Temporary Redirect
INFO:     127.0.0.1:54757 - "GET /phones?available_only=true&deals_only=true HTTP/1.1" 307 Temporary Redirect
INFO:     127.0.0.1:54756 - "GET /phones/?available_only=true HTTP/1.1" 200 OK
INFO:     127.0.0.1:54757 - "GET /phones/?available_only=true&deals_only=true HTTP/1.1" 200 OK
INFO:     127.0.0.1:54759 - "GET /phones?available_only=true HTTP/1.1" 307 Temporary Redirect
INFO:     127.0.0.1:54760 - "GET /phones?available_only=true&deals_only=true HTTP/1.1" 307 Temporary Redirect
INFO:     127.0.0.1:54756 - "GET /phones/?available_only=true HTTP/1.1" 200 OK
INFO:     127.0.0.1:54757 - "GET /phones/?available_only=true&deals_only=true HTTP/1.1" 200 OK
INFO:     127.0.0.1:55067 - "GET /phones/e30620bf-9940-40ed-93c0-3eefd88793f9 HTTP/1.1" 200 OK
INFO:     127.0.0.1:55080 - "GET /phones?available_only=true HTTP/1.1" 307 Temporary Redirect
INFO:     127.0.0.1:55081 - "GET /phones?available_only=true&deals_only=true HTTP/1.1" 307 Temporary Redirect
INFO:     127.0.0.1:55080 - "GET /phones/?available_only=true HTTP/1.1" 200 OK
INFO:     127.0.0.1:55081 - "GET /phones/?available_only=true&deals_only=true HTTP/1.1" 200 OK
INFO:     127.0.0.1:55083 - "GET /phones?available_only=true HTTP/1.1" 307 Temporary Redirect
INFO:     127.0.0.1:55084 - "GET /phones?available_only=true&deals_only=true HTTP/1.1" 307 Temporary Redirect
INFO:     127.0.0.1:55080 - "GET /phones/?available_only=true HTTP/1.1" 200 OK
INFO:     127.0.0.1:55081 - "GET /phones/?available_only=true&deals_only=true HTTP/1.1" 200 OK
INFO:     127.0.0.1:55086 - "GET /phones/brands?available_only=true HTTP/1.1" 200 OK
INFO:     127.0.0.1:55088 - "GET /phones?available_only=true HTTP/1.1" 307 Temporary Redirect
INFO:     127.0.0.1:55086 - "GET /phones/?available_only=true HTTP/1.1" 200 OK
INFO:     127.0.0.1:55092 - "GET /phones/brands?available_only=true HTTP/1.1" 200 OK
INFO:     127.0.0.1:55093 - "GET /phones?available_only=true&min_price=-1 HTTP/1.1" 307 Temporary Redirect
INFO:     127.0.0.1:55092 - "GET /phones/?available_only=true&min_price=-1 HTTP/1.1" 200 OK
INFO:     127.0.0.1:55093 - "GET /phones/brands?available_only=true HTTP/1.1" 200 OK
INFO:     127.0.0.1:55092 - "GET /phones?available_only=true&min_price=-2 HTTP/1.1" 307 Temporary Redirect
INFO:     127.0.0.1:55093 - "GET /phones/?available_only=true&min_price=-2 HTTP/1.1" 200 OK
INFO:     127.0.0.1:55092 - "GET /phones/brands?available_only=true HTTP/1.1" 200 OK
INFO:     127.0.0.1:55093 - "GET /phones?available_only=true&min_price=-3 HTTP/1.1" 307 Temporary Redirect
INFO:     127.0.0.1:55092 - "GET /phones/?available_only=true&min_price=-3 HTTP/1.1" 200 OK
INFO:     127.0.0.1:55093 - "GET /phones/brands?available_only=true HTTP/1.1" 200 OK
INFO:     127.0.0.1:55092 - "GET /phones?available_only=true&min_price=-4 HTTP/1.1" 307 Temporary Redirect
INFO:     127.0.0.1:55095 - "GET /phones?available_only=true&min_price=-5 HTTP/1.1" 307 Temporary Redirect
INFO:     127.0.0.1:55093 - "GET /phones/?available_only=true&min_price=-4 HTTP/1.1" 200 OK
INFO:     127.0.0.1:55092 - "GET /phones/?available_only=true&min_price=-5 HTTP/1.1" 200 OK
INFO:     127.0.0.1:55095 - "GET /phones/brands?available_only=true HTTP/1.1" 200 OK
INFO:     127.0.0.1:55093 - "GET /phones?available_only=true&min_price=-7 HTTP/1.1" 307 Temporary Redirect
INFO:     127.0.0.1:55096 - "GET /phones?available_only=true&min_price=-6 HTTP/1.1" 307 Temporary Redirect
INFO:     127.0.0.1:55092 - "GET /phones/?available_only=true&min_price=-7 HTTP/1.1" 200 OK
INFO:     127.0.0.1:55095 - "GET /phones/?available_only=true&min_price=-6 HTTP/1.1" 200 OK
INFO:     127.0.0.1:55093 - "GET /phones/brands?available_only=true HTTP/1.1" 200 OK
INFO:     127.0.0.1:55096 - "GET /phones?available_only=true&min_price=-8 HTTP/1.1" 307 Temporary Redirect
INFO:     127.0.0.1:55092 - "GET /phones?available_only=true&min_price=-9 HTTP/1.1" 307 Temporary Redirect
INFO:     127.0.0.1:55095 - "GET /phones?available_only=true&min_price=-10 HTTP/1.1" 307 Temporary Redirect
INFO:     127.0.0.1:55093 - "GET /phones/?available_only=true&min_price=-8 HTTP/1.1" 200 OK
INFO:     127.0.0.1:55096 - "GET /phones/?available_only=true&min_price=-9 HTTP/1.1" 200 OK
INFO:     127.0.0.1:55092 - "GET /phones/?available_only=true&min_price=-10 HTTP/1.1" 200 OK
INFO:     127.0.0.1:55095 - "GET /phones/brands?available_only=true HTTP/1.1" 200 OK
INFO:     127.0.0.1:55093 - "GET /phones?available_only=true&min_price=-12 HTTP/1.1" 307 Temporary Redirect
INFO:     127.0.0.1:55097 - "GET /phones?available_only=true&min_price=-11 HTTP/1.1" 307 Temporary Redirect
INFO:     127.0.0.1:55098 - "GET /phones?available_only=true&min_price=-13 HTTP/1.1" 307 Temporary Redirect
INFO:     127.0.0.1:55096 - "GET /phones?available_only=true&min_price=-14 HTTP/1.1" 307 Temporary Redirect
INFO:     127.0.0.1:55095 - "GET /phones?available_only=true&min_price=-15 HTTP/1.1" 307 Temporary Redirect
INFO:     127.0.0.1:55092 - "GET /phones/?available_only=true&min_price=-12 HTTP/1.1" 200 OK
INFO:     127.0.0.1:55093 - "GET /phones/?available_only=true&min_price=-11 HTTP/1.1" 200 OK
INFO:     127.0.0.1:55097 - "GET /phones/?available_only=true&min_price=-13 HTTP/1.1" 200 OK
INFO:     127.0.0.1:55098 - "GET /phones/?available_only=true&min_price=-14 HTTP/1.1" 200 OK
INFO:     127.0.0.1:55096 - "GET /phones/?available_only=true&min_price=-15 HTTP/1.1" 200 OK
INFO:     127.0.0.1:55095 - "GET /phones/brands?available_only=true HTTP/1.1" 200 OK
INFO:     127.0.0.1:55092 - "GET /phones?available_only=true&min_price=-1 HTTP/1.1" 307 Temporary Redirect
INFO:     127.0.0.1:55093 - "GET /phones?available_only=true HTTP/1.1" 307 Temporary Redirect
INFO:     127.0.0.1:55098 - "GET /phones/?available_only=true&min_price=-1 HTTP/1.1" 200 OK
INFO:     127.0.0.1:55096 - "GET /phones/?available_only=true HTTP/1.1" 200 OK
INFO:     127.0.0.1:55097 - "GET /phones/brands?available_only=true HTTP/1.1" 200 OK
INFO:     127.0.0.1:55095 - "GET /phones?available_only=true&min_price=1 HTTP/1.1" 307 Temporary Redirect
INFO:     127.0.0.1:55092 - "GET /phones/?available_only=true&min_price=1 HTTP/1.1" 200 OK
INFO:     127.0.0.1:55093 - "GET /phones/brands?available_only=true HTTP/1.1" 200 OK
INFO:     127.0.0.1:55098 - "GET /phones?available_only=true&min_price=10 HTTP/1.1" 307 Temporary Redirect
INFO:     127.0.0.1:55096 - "GET /phones/?available_only=true&min_price=10 HTTP/1.1" 200 OK
INFO:     127.0.0.1:55097 - "GET /phones/brands?available_only=true HTTP/1.1" 200 OK
INFO:     127.0.0.1:55095 - "GET /phones?available_only=true&min_price=100 HTTP/1.1" 307 Temporary Redirect
INFO:     127.0.0.1:55092 - "GET /phones/?available_only=true&min_price=100 HTTP/1.1" 200 OK
INFO:     127.0.0.1:55093 - "GET /phones/brands?available_only=true HTTP/1.1" 200 OK
INFO:     127.0.0.1:55098 - "GET /phones?available_only=true&min_price=1000 HTTP/1.1" 307 Temporary Redirect
INFO:     127.0.0.1:55096 - "GET /phones/?available_only=true&min_price=1000 HTTP/1.1" 200 OK
INFO:     127.0.0.1:55097 - "GET /phones/brands?available_only=true HTTP/1.1" 200 OK
INFO:     127.0.0.1:55095 - "GET /phones?available_only=true&min_price=100 HTTP/1.1" 307 Temporary Redirect
INFO:     127.0.0.1:55092 - "GET /phones?available_only=true&min_price=10 HTTP/1.1" 307 Temporary Redirect
INFO:     127.0.0.1:55093 - "GET /phones?available_only=true&min_price=1 HTTP/1.1" 307 Temporary Redirect
INFO:     127.0.0.1:55098 - "GET /phones?available_only=true HTTP/1.1" 307 Temporary Redirect
INFO:     127.0.0.1:55096 - "GET /phones/?available_only=true&min_price=100 HTTP/1.1" 200 OK
INFO:     127.0.0.1:55097 - "GET /phones/?available_only=true&min_price=1 HTTP/1.1" 200 OK
INFO:     127.0.0.1:55095 - "GET /phones/?available_only=true&min_price=10 HTTP/1.1" 200 OK
INFO:     127.0.0.1:55093 - "GET /phones/?available_only=true HTTP/1.1" 200 OK
INFO:     127.0.0.1:55096 - "GET /phones/brands?available_only=true HTTP/1.1" 200 OK
INFO:     127.0.0.1:55097 - "GET /phones?available_only=true&brand=Realme HTTP/1.1" 307 Temporary Redirect
INFO:     127.0.0.1:55095 - "GET /phones/?available_only=true&brand=Realme HTTP/1.1" 200 OK
INFO:     127.0.0.1:55096 - "GET /phones/brands?available_only=true HTTP/1.1" 200 OK
INFO:     127.0.0.1:55097 - "GET /phones?available_only=true&brand=OnePlus HTTP/1.1" 307 Temporary Redirect
INFO:     127.0.0.1:55095 - "GET /phones/?available_only=true&brand=OnePlus HTTP/1.1" 200 OK
INFO:     127.0.0.1:55096 - "GET /phones/brands?available_only=true HTTP/1.1" 200 OK
INFO:     127.0.0.1:55097 - "GET /phones?available_only=true&brand=Samsung HTTP/1.1" 307 Temporary Redirect
INFO:     127.0.0.1:55095 - "GET /phones/?available_only=true&brand=Samsung HTTP/1.1" 200 OK
INFO:     127.0.0.1:55096 - "GET /phones/brands?available_only=true HTTP/1.1" 200 OK
INFO:     127.0.0.1:55097 - "GET /phones?available_only=true&brand=Motorola HTTP/1.1" 307 Temporary Redirect
INFO:     127.0.0.1:55095 - "GET /phones/?available_only=true&brand=Motorola HTTP/1.1" 200 OK
INFO:     127.0.0.1:55096 - "GET /phones/brands?available_only=true HTTP/1.1" 200 OK
INFO:     127.0.0.1:55097 - "GET /phones?available_only=true HTTP/1.1" 307 Temporary Redirect
INFO:     127.0.0.1:55095 - "GET /phones/?available_only=true HTTP/1.1" 200 OK
INFO:     127.0.0.1:55135 - "GET /phones/brands?available_only=true HTTP/1.1" 200 OK
INFO:     127.0.0.1:55137 - "GET /phones?available_only=true HTTP/1.1" 307 Temporary Redirect
INFO:     127.0.0.1:55135 - "GET /phones/brands?available_only=true HTTP/1.1" 200 OK
INFO:     127.0.0.1:55137 - "GET /phones?available_only=true HTTP/1.1" 307 Temporary Redirect
INFO:     127.0.0.1:55140 - "GET /phones/?available_only=true HTTP/1.1" 200 OK
INFO:     127.0.0.1:55140 - "GET /phones/?available_only=true HTTP/1.1" 200 OK
INFO:     127.0.0.1:55140 - "GET /phones?available_only=true HTTP/1.1" 307 Temporary Redirect
INFO:     127.0.0.1:55135 - "GET /phones?available_only=true&deals_only=true HTTP/1.1" 307 Temporary Redirect
INFO:     127.0.0.1:55140 - "GET /phones?available_only=true HTTP/1.1" 307 Temporary Redirect
INFO:     127.0.0.1:55135 - "GET /phones?available_only=true&deals_only=true HTTP/1.1" 307 Temporary Redirect
INFO:     127.0.0.1:55137 - "GET /phones/?available_only=true HTTP/1.1" 200 OK
INFO:     127.0.0.1:55140 - "GET /phones/?available_only=true&deals_only=true HTTP/1.1" 200 OK
INFO:     127.0.0.1:55135 - "GET /phones?available_only=true HTTP/1.1" 307 Temporary Redirect
INFO:     127.0.0.1:55137 - "GET /phones/?available_only=true HTTP/1.1" 200 OK
INFO:     127.0.0.1:55140 - "GET /phones?available_only=true HTTP/1.1" 307 Temporary Redirect
INFO:     127.0.0.1:55135 - "GET /phones/?available_only=true&deals_only=true HTTP/1.1" 200 OK
INFO:     127.0.0.1:55137 - "GET /phones/?available_only=true HTTP/1.1" 200 OK
INFO:     127.0.0.1:55137 - "GET /phones/?available_only=true HTTP/1.1" 200 OK
INFO:     127.0.0.1:55171 - "GET /phones?available_only=true HTTP/1.1" 307 Temporary Redirect
INFO:     127.0.0.1:55396 - "GET /phones?available_only=true&deals_only=true HTTP/1.1" 307 Temporary Redirect
INFO:     127.0.0.1:55171 - "GET /phones?available_only=true HTTP/1.1" 307 Temporary Redirect
INFO:     127.0.0.1:55171 - "GET /phones?available_only=true HTTP/1.1" 307 Temporary Redirect
INFO:     127.0.0.1:55171 - "GET /phones/?available_only=true HTTP/1.1" 200 OK
INFO:     127.0.0.1:55396 - "GET /phones/?available_only=true&deals_only=true HTTP/1.1" 200 OK
INFO:     127.0.0.1:55171 - "GET /phones/?available_only=true HTTP/1.1" 200 OK
INFO:     127.0.0.1:55399 - "GET /phones?available_only=true&deals_only=true HTTP/1.1" 307 Temporary Redirect
INFO:     127.0.0.1:55405 - "GET /phones?available_only=true HTTP/1.1" 307 Temporary Redirect
INFO:     127.0.0.1:55405 - "GET /phones/?available_only=true&deals_only=true HTTP/1.1" 200 OK
INFO:     127.0.0.1:55171 - "GET /phones/?available_only=true HTTP/1.1" 200 OK
INFO:     127.0.0.1:55171 - "GET /phones/?available_only=true HTTP/1.1" 200 OK
INFO:     127.0.0.1:55909 - "GET /phones?available_only=true HTTP/1.1" 307 Temporary Redirect
INFO:     127.0.0.1:55911 - "GET /phones?available_only=true&deals_only=true HTTP/1.1" 307 Temporary Redirect
INFO:     127.0.0.1:55909 - "GET /phones?available_only=true HTTP/1.1" 307 Temporary Redirect
INFO:     127.0.0.1:55911 - "GET /phones?available_only=true&deals_only=true HTTP/1.1" 307 Temporary Redirect
INFO:     127.0.0.1:55909 - "GET /phones/?available_only=true HTTP/1.1" 200 OK
INFO:     127.0.0.1:55913 - "GET /phones?available_only=true HTTP/1.1" 307 Temporary Redirect
INFO:     127.0.0.1:55911 - "GET /phones/?available_only=true&deals_only=true HTTP/1.1" 200 OK
INFO:     127.0.0.1:55909 - "GET /phones/?available_only=true HTTP/1.1" 200 OK
INFO:     127.0.0.1:55913 - "GET /phones?available_only=true HTTP/1.1" 307 Temporary Redirect
INFO:     127.0.0.1:55911 - "GET /phones/?available_only=true&deals_only=true HTTP/1.1" 200 OK
INFO:     127.0.0.1:55909 - "GET /phones/?available_only=true HTTP/1.1" 200 OK
INFO:     127.0.0.1:55909 - "GET /phones/?available_only=true HTTP/1.1" 200 OK
INFO:     127.0.0.1:56273 - "GET /phones?available_only=true HTTP/1.1" 307 Temporary Redirect
INFO:     127.0.0.1:56274 - "GET /phones?available_only=true&deals_only=true HTTP/1.1" 307 Temporary Redirect
INFO:     127.0.0.1:56273 - "GET /phones/?available_only=true HTTP/1.1" 200 OK
INFO:     127.0.0.1:56274 - "GET /phones/?available_only=true&deals_only=true HTTP/1.1" 200 OK
INFO:     127.0.0.1:56275 - "GET /phones?available_only=true HTTP/1.1" 307 Temporary Redirect
INFO:     127.0.0.1:56276 - "GET /phones?available_only=true&deals_only=true HTTP/1.1" 307 Temporary Redirect
INFO:     127.0.0.1:56273 - "GET /phones/?available_only=true HTTP/1.1" 200 OK
INFO:     127.0.0.1:56274 - "GET /phones/?available_only=true&deals_only=true HTTP/1.1" 200 OK
INFO:     127.0.0.1:56275 - "GET /phones/brands?available_only=true HTTP/1.1" 200 OK
INFO:     127.0.0.1:56276 - "GET /phones?available_only=true HTTP/1.1" 307 Temporary Redirect
INFO:     127.0.0.1:56273 - "GET /phones/?available_only=true HTTP/1.1" 200 OK
INFO:     127.0.0.1:56274 - "GET /phones/9306fef5-c3d6-4277-9a60-1ed32275f238 HTTP/1.1" 200 OK
INFO:     127.0.0.1:56274 - "GET /phones?available_only=true HTTP/1.1" 307 Temporary Redirect
INFO:     127.0.0.1:56274 - "GET /phones/?available_only=true HTTP/1.1" 200 OK
INFO:     127.0.0.1:56308 - "GET /phones?available_only=true&deals_only=true HTTP/1.1" 307 Temporary Redirect
INFO:     127.0.0.1:56309 - "GET /phones?available_only=true HTTP/1.1" 307 Temporary Redirect
INFO:     127.0.0.1:56274 - "GET /phones/?available_only=true&deals_only=true HTTP/1.1" 200 OK
INFO:     127.0.0.1:56308 - "GET /phones/?available_only=true HTTP/1.1" 200 OK
INFO:     127.0.0.1:56673 - "GET /phones/e30620bf-9940-40ed-93c0-3eefd88793f9 HTTP/1.1" 200 OK
INFO:     127.0.0.1:56720 - "GET /phones/e30620bf-9940-40ed-93c0-3eefd88793f9 HTTP/1.1" 200 OK
INFO:     127.0.0.1:56720 - "GET /phones?available_only=true HTTP/1.1" 307 Temporary Redirect
INFO:     127.0.0.1:56728 - "GET /phones?available_only=true&deals_only=true HTTP/1.1" 307 Temporary Redirect
INFO:     127.0.0.1:56720 - "GET /phones/?available_only=true HTTP/1.1" 200 OK
INFO:     127.0.0.1:56728 - "GET /phones/?available_only=true&deals_only=true HTTP/1.1" 200 OK
INFO:     127.0.0.1:56729 - "GET /phones?available_only=true HTTP/1.1" 307 Temporary Redirect
INFO:     127.0.0.1:56730 - "GET /phones?available_only=true&deals_only=true HTTP/1.1" 307 Temporary Redirect
INFO:     127.0.0.1:56720 - "GET /phones/?available_only=true HTTP/1.1" 200 OK
INFO:     127.0.0.1:56728 - "GET /phones/?available_only=true&deals_only=true HTTP/1.1" 200 OK
INFO:     127.0.0.1:56912 - "GET /phones/brands?available_only=true HTTP/1.1" 200 OK
INFO:     127.0.0.1:56913 - "GET /phones?available_only=true HTTP/1.1" 307 Temporary Redirect
INFO:     127.0.0.1:56912 - "GET /phones/?available_only=true HTTP/1.1" 200 OK
INFO:     127.0.0.1:56913 - "GET /phones/brands?available_only=true HTTP/1.1" 200 OK
INFO:     127.0.0.1:56912 - "GET /phones?available_only=true&brand=Samsung HTTP/1.1" 307 Temporary Redirect
INFO:     127.0.0.1:56913 - "GET /phones/?available_only=true&brand=Samsung HTTP/1.1" 200 OK
INFO:     127.0.0.1:56912 - "GET /phones/brands?available_only=true HTTP/1.1" 200 OK
INFO:     127.0.0.1:56913 - "GET /phones?available_only=true&brand=Realme HTTP/1.1" 307 Temporary Redirect
INFO:     127.0.0.1:56912 - "GET /phones/?available_only=true&brand=Realme HTTP/1.1" 200 OK
INFO:     127.0.0.1:56913 - "GET /phones/brands?available_only=true HTTP/1.1" 200 OK
INFO:     127.0.0.1:56912 - "GET /phones?available_only=true&brand=Realme HTTP/1.1" 307 Temporary Redirect
INFO:     127.0.0.1:56913 - "GET /phones/?available_only=true&brand=Realme HTTP/1.1" 200 OK
INFO:     127.0.0.1:56912 - "GET /phones/brands?available_only=true HTTP/1.1" 200 OK
INFO:     127.0.0.1:56913 - "GET /phones?available_only=true&brand=Realme HTTP/1.1" 307 Temporary Redirect
INFO:     127.0.0.1:56912 - "GET /phones/?available_only=true&brand=Realme HTTP/1.1" 200 OK
INFO:     127.0.0.1:56913 - "GET /phones/brands?available_only=true HTTP/1.1" 200 OK
INFO:     127.0.0.1:56912 - "GET /phones?available_only=true HTTP/1.1" 307 Temporary Redirect
INFO:     127.0.0.1:56913 - "GET /phones/?available_only=true HTTP/1.1" 200 OK
INFO:     127.0.0.1:57065 - "GET /phones?available_only=true HTTP/1.1" 307 Temporary Redirect
INFO:     127.0.0.1:57066 - "GET /phones?available_only=true&deals_only=true HTTP/1.1" 307 Temporary Redirect
INFO:     127.0.0.1:57065 - "GET /phones/?available_only=true HTTP/1.1" 200 OK
INFO:     127.0.0.1:57066 - "GET /phones/?available_only=true&deals_only=true HTTP/1.1" 200 OK
INFO:     127.0.0.1:57068 - "GET /phones?available_only=true HTTP/1.1" 307 Temporary Redirect
INFO:     127.0.0.1:57069 - "GET /phones?available_only=true&deals_only=true HTTP/1.1" 307 Temporary Redirect
INFO:     127.0.0.1:57065 - "GET /phones/?available_only=true HTTP/1.1" 200 OK
INFO:     127.0.0.1:57066 - "GET /phones/?available_only=true&deals_only=true HTTP/1.1" 200 OK
INFO:     127.0.0.1:57744 - "GET /phones?available_only=true HTTP/1.1" 307 Temporary Redirect
INFO:     127.0.0.1:57745 - "GET /phones?available_only=true&deals_only=true HTTP/1.1" 307 Temporary Redirect
INFO:     127.0.0.1:57744 - "GET /phones/?available_only=true HTTP/1.1" 200 OK
INFO:     127.0.0.1:57745 - "GET /phones/?available_only=true&deals_only=true HTTP/1.1" 200 OK
INFO:     127.0.0.1:57746 - "GET /phones?available_only=true HTTP/1.1" 307 Temporary Redirect
INFO:     127.0.0.1:57747 - "GET /phones?available_only=true&deals_only=true HTTP/1.1" 307 Temporary Redirect
INFO:     127.0.0.1:57744 - "GET /phones/?available_only=true HTTP/1.1" 200 OK
INFO:     127.0.0.1:57745 - "GET /phones/?available_only=true&deals_only=true HTTP/1.1" 200 OK
INFO:     127.0.0.1:58022 - "GET /phones?available_only=true HTTP/1.1" 307 Temporary Redirect
INFO:     127.0.0.1:58023 - "GET /phones?available_only=true&deals_only=true HTTP/1.1" 307 Temporary Redirect
INFO:     127.0.0.1:58022 - "GET /phones/?available_only=true HTTP/1.1" 200 OK
INFO:     127.0.0.1:58023 - "GET /phones/?available_only=true&deals_only=true HTTP/1.1" 200 OK
INFO:     127.0.0.1:58024 - "GET /phones?available_only=true HTTP/1.1" 307 Temporary Redirect
INFO:     127.0.0.1:58025 - "GET /phones?available_only=true&deals_only=true HTTP/1.1" 307 Temporary Redirect
INFO:     127.0.0.1:58022 - "GET /phones/?available_only=true HTTP/1.1" 200 OK
INFO:     127.0.0.1:58023 - "GET /phones/?available_only=true&deals_only=true HTTP/1.1" 200 OK
INFO:     127.0.0.1:58473 - "GET /phones?available_only=true HTTP/1.1" 307 Temporary Redirect
INFO:     127.0.0.1:58474 - "GET /phones?available_only=true&deals_only=true HTTP/1.1" 307 Temporary Redirect
INFO:     127.0.0.1:58473 - "GET /phones/?available_only=true HTTP/1.1" 200 OK
INFO:     127.0.0.1:58474 - "GET /phones/?available_only=true&deals_only=true HTTP/1.1" 200 OK
INFO:     127.0.0.1:58475 - "GET /phones?available_only=true HTTP/1.1" 307 Temporary Redirect
INFO:     127.0.0.1:58477 - "GET /phones?available_only=true&deals_only=true HTTP/1.1" 307 Temporary Redirect
INFO:     127.0.0.1:58473 - "GET /phones/?available_only=true HTTP/1.1" 200 OK
INFO:     127.0.0.1:58474 - "GET /phones/?available_only=true&deals_only=true HTTP/1.1" 200 OK
INFO:     127.0.0.1:59638 - "GET /phones?available_only=true HTTP/1.1" 307 Temporary Redirect
INFO:     127.0.0.1:59639 - "GET /phones?available_only=true&deals_only=true HTTP/1.1" 307 Temporary Redirect
INFO:     127.0.0.1:59638 - "GET /phones/?available_only=true HTTP/1.1" 200 OK
INFO:     127.0.0.1:59639 - "GET /phones/?available_only=true&deals_only=true HTTP/1.1" 200 OK
INFO:     127.0.0.1:59641 - "GET /phones?available_only=true HTTP/1.1" 307 Temporary Redirect
INFO:     127.0.0.1:59638 - "GET /phones/?available_only=true HTTP/1.1" 200 OK
INFO:     127.0.0.1:59744 - "GET /phones?available_only=true HTTP/1.1" 307 Temporary Redirect
INFO:     127.0.0.1:59745 - "GET /phones?available_only=true&deals_only=true HTTP/1.1" 307 Temporary Redirect
INFO:     127.0.0.1:59744 - "GET /phones/?available_only=true HTTP/1.1" 200 OK
INFO:     127.0.0.1:59745 - "GET /phones/?available_only=true&deals_only=true HTTP/1.1" 200 OK
INFO:     127.0.0.1:59747 - "GET /phones?available_only=true HTTP/1.1" 307 Temporary Redirect
INFO:     127.0.0.1:59748 - "GET /phones?available_only=true&deals_only=true HTTP/1.1" 307 Temporary Redirect
INFO:     127.0.0.1:59744 - "GET /phones/?available_only=true HTTP/1.1" 200 OK
INFO:     127.0.0.1:59745 - "GET /phones/?available_only=true&deals_only=true HTTP/1.1" 200 OK
WARNING:  WatchFiles detected changes in 'app/main.py'. Reloading...
INFO:     Shutting down
INFO:     Waiting for application shutdown.
INFO:     Application shutdown complete.
INFO:     Finished server process [44778]
INFO:     Started server process [47449]
INFO:     Waiting for application startup.
INFO:     Application startup complete.
WARNING:  WatchFiles detected changes in 'app/main.py'. Reloading...
INFO:     Shutting down
INFO:     Waiting for application shutdown.
INFO:     Application shutdown complete.
INFO:     Finished server process [47449]
INFO:     Started server process [47450]
INFO:     Waiting for application startup.
INFO:     Application startup complete.
WARNING:  WatchFiles detected changes in 'app/config.py'. Reloading...
INFO:     Shutting down
INFO:     Waiting for application shutdown.
INFO:     Application shutdown complete.
INFO:     Finished server process [47450]
INFO:     Started server process [47452]
INFO:     Waiting for application startup.
INFO:     Application startup complete.
WARNING:  WatchFiles detected changes in 'app/config.py', 'app/main.py'. Reloading...
INFO:     Shutting down
INFO:     Waiting for application shutdown.
INFO:     Application shutdown complete.
INFO:     Finished server process [47452]
INFO:     Started server process [47467]
INFO:     Waiting for application startup.
INFO:     Application startup complete.
INFO:     127.0.0.1:59927 - "GET /phones?available_only=true HTTP/1.1" 307 Temporary Redirect
INFO:     127.0.0.1:59928 - "GET /phones?available_only=true&deals_only=true HTTP/1.1" 307 Temporary Redirect
INFO:     127.0.0.1:59927 - "GET /phones/?available_only=true HTTP/1.1" 200 OK
INFO:     127.0.0.1:59928 - "GET /phones/?available_only=true&deals_only=true HTTP/1.1" 200 OK
INFO:     127.0.0.1:59929 - "GET /phones?available_only=true HTTP/1.1" 307 Temporary Redirect
INFO:     127.0.0.1:59930 - "GET /phones?available_only=true&deals_only=true HTTP/1.1" 307 Temporary Redirect
INFO:     127.0.0.1:59927 - "GET /phones/?available_only=true HTTP/1.1" 200 OK
INFO:     127.0.0.1:59928 - "GET /phones/?available_only=true&deals_only=true HTTP/1.1" 200 OK
INFO:     127.0.0.1:60015 - "GET /phones?available_only=true HTTP/1.1" 307 Temporary Redirect
INFO:     127.0.0.1:60016 - "GET /phones?available_only=true&deals_only=true HTTP/1.1" 307 Temporary Redirect
INFO:     127.0.0.1:60015 - "GET /phones/?available_only=true HTTP/1.1" 200 OK
INFO:     127.0.0.1:60016 - "GET /phones/?available_only=true&deals_only=true HTTP/1.1" 200 OK
INFO:     127.0.0.1:60019 - "GET /phones?available_only=true HTTP/1.1" 307 Temporary Redirect
INFO:     127.0.0.1:60015 - "GET /phones/?available_only=true HTTP/1.1" 200 OK
INFO:     127.0.0.1:60079 - "GET /phones?available_only=true HTTP/1.1" 307 Temporary Redirect
INFO:     127.0.0.1:60080 - "GET /phones?available_only=true&deals_only=true HTTP/1.1" 307 Temporary Redirect
INFO:     127.0.0.1:60079 - "GET /phones/?available_only=true HTTP/1.1" 200 OK
INFO:     127.0.0.1:60080 - "GET /phones/?available_only=true&deals_only=true HTTP/1.1" 200 OK
INFO:     127.0.0.1:60082 - "GET /phones?available_only=true HTTP/1.1" 307 Temporary Redirect
INFO:     127.0.0.1:60079 - "GET /phones/?available_only=true HTTP/1.1" 200 OK
INFO:     127.0.0.1:60145 - "GET /phones?available_only=true HTTP/1.1" 307 Temporary Redirect
INFO:     127.0.0.1:60146 - "GET /phones?available_only=true&deals_only=true HTTP/1.1" 307 Temporary Redirect
INFO:     127.0.0.1:60145 - "GET /phones/?available_only=true HTTP/1.1" 200 OK
INFO:     127.0.0.1:60146 - "GET /phones/?available_only=true&deals_only=true HTTP/1.1" 200 OK
INFO:     127.0.0.1:60148 - "GET /phones?available_only=true HTTP/1.1" 307 Temporary Redirect
INFO:     127.0.0.1:60145 - "GET /phones/?available_only=true HTTP/1.1" 200 OK
INFO:     127.0.0.1:60195 - "GET /phones?available_only=true HTTP/1.1" 307 Temporary Redirect
INFO:     127.0.0.1:60196 - "GET /phones?available_only=true&deals_only=true HTTP/1.1" 307 Temporary Redirect
INFO:     127.0.0.1:60195 - "GET /phones/?available_only=true HTTP/1.1" 200 OK
INFO:     127.0.0.1:60196 - "GET /phones/?available_only=true&deals_only=true HTTP/1.1" 200 OK
INFO:     127.0.0.1:60198 - "GET /phones?available_only=true HTTP/1.1" 307 Temporary Redirect
INFO:     127.0.0.1:60199 - "GET /phones?available_only=true&deals_only=true HTTP/1.1" 307 Temporary Redirect
INFO:     127.0.0.1:60195 - "GET /phones/?available_only=true HTTP/1.1" 200 OK
INFO:     127.0.0.1:60196 - "GET /phones/?available_only=true&deals_only=true HTTP/1.1" 200 OK
INFO:     127.0.0.1:60366 - "GET /phones?available_only=true HTTP/1.1" 307 Temporary Redirect
INFO:     127.0.0.1:60367 - "GET /phones?available_only=true&deals_only=true HTTP/1.1" 307 Temporary Redirect
INFO:     127.0.0.1:60366 - "GET /phones/?available_only=true HTTP/1.1" 200 OK
INFO:     127.0.0.1:60367 - "GET /phones/?available_only=true&deals_only=true HTTP/1.1" 200 OK
INFO:     127.0.0.1:60366 - "GET /phones?available_only=true&deals_only=true HTTP/1.1" 307 Temporary Redirect
INFO:     127.0.0.1:60370 - "GET /phones?available_only=true HTTP/1.1" 307 Temporary Redirect
INFO:     127.0.0.1:60367 - "GET /phones/?available_only=true&deals_only=true HTTP/1.1" 200 OK
INFO:     127.0.0.1:60366 - "GET /phones/?available_only=true HTTP/1.1" 200 OK
INFO:     127.0.0.1:60370 - "GET /phones?available_only=true HTTP/1.1" 307 Temporary Redirect
INFO:     127.0.0.1:60367 - "GET /phones?available_only=true&deals_only=true HTTP/1.1" 307 Temporary Redirect
INFO:     127.0.0.1:60366 - "GET /phones/?available_only=true HTTP/1.1" 200 OK
INFO:     127.0.0.1:60370 - "GET /phones/?available_only=true&deals_only=true HTTP/1.1" 200 OK
INFO:     127.0.0.1:60367 - "GET /phones?available_only=true HTTP/1.1" 307 Temporary Redirect
INFO:     127.0.0.1:60366 - "GET /phones/?available_only=true HTTP/1.1" 200 OK
INFO:     127.0.0.1:60370 - "GET /phones?available_only=true HTTP/1.1" 307 Temporary Redirect
INFO:     127.0.0.1:60367 - "GET /phones?available_only=true&deals_only=true HTTP/1.1" 307 Temporary Redirect
INFO:     127.0.0.1:60366 - "GET /phones/?available_only=true HTTP/1.1" 200 OK
INFO:     127.0.0.1:60370 - "GET /phones/?available_only=true&deals_only=true HTTP/1.1" 200 OK
INFO:     127.0.0.1:60367 - "GET /phones?available_only=true HTTP/1.1" 307 Temporary Redirect
INFO:     127.0.0.1:60366 - "GET /phones/?available_only=true HTTP/1.1" 200 OK
INFO:     127.0.0.1:60452 - "GET /phones?available_only=true HTTP/1.1" 307 Temporary Redirect
INFO:     127.0.0.1:60453 - "GET /phones?available_only=true&deals_only=true HTTP/1.1" 307 Temporary Redirect
INFO:     127.0.0.1:60452 - "GET /phones/?available_only=true HTTP/1.1" 200 OK
INFO:     127.0.0.1:60453 - "GET /phones/?available_only=true&deals_only=true HTTP/1.1" 200 OK
INFO:     127.0.0.1:60455 - "GET /phones?available_only=true HTTP/1.1" 307 Temporary Redirect
INFO:     127.0.0.1:60452 - "GET /phones/?available_only=true HTTP/1.1" 200 OK
INFO:     127.0.0.1:61036 - "GET /phones/brands?available_only=true HTTP/1.1" 200 OK
INFO:     127.0.0.1:61037 - "GET /phones?available_only=true HTTP/1.1" 307 Temporary Redirect
INFO:     127.0.0.1:61036 - "GET /phones/?available_only=true HTTP/1.1" 200 OK
INFO:     127.0.0.1:61064 - "GET /phones?available_only=true HTTP/1.1" 307 Temporary Redirect
INFO:     127.0.0.1:61065 - "GET /phones?available_only=true&deals_only=true HTTP/1.1" 307 Temporary Redirect
INFO:     127.0.0.1:61064 - "GET /phones/?available_only=true HTTP/1.1" 200 OK
INFO:     127.0.0.1:61065 - "GET /phones/?available_only=true&deals_only=true HTTP/1.1" 200 OK
INFO:     127.0.0.1:61067 - "GET /phones?available_only=true HTTP/1.1" 307 Temporary Redirect
INFO:     127.0.0.1:61068 - "GET /phones?available_only=true&deals_only=true HTTP/1.1" 307 Temporary Redirect
INFO:     127.0.0.1:61064 - "GET /phones/?available_only=true HTTP/1.1" 200 OK
INFO:     127.0.0.1:61065 - "GET /phones/?available_only=true&deals_only=true HTTP/1.1" 200 OK
INFO:     127.0.0.1:61228 - "GET /phones?available_only=true HTTP/1.1" 307 Temporary Redirect
INFO:     127.0.0.1:61228 - "GET /phones/?available_only=true HTTP/1.1" 200 OK
INFO:     127.0.0.1:61230 - "GET /phones?available_only=true&deals_only=true HTTP/1.1" 307 Temporary Redirect
INFO:     127.0.0.1:61231 - "GET /phones?available_only=true HTTP/1.1" 307 Temporary Redirect
INFO:     127.0.0.1:61228 - "GET /phones/?available_only=true&deals_only=true HTTP/1.1" 200 OK
INFO:     127.0.0.1:61230 - "GET /phones/?available_only=true HTTP/1.1" 200 OK
INFO:     127.0.0.1:61311 - "GET /phones?available_only=true HTTP/1.1" 307 Temporary Redirect
INFO:     127.0.0.1:61312 - "GET /phones?available_only=true&deals_only=true HTTP/1.1" 307 Temporary Redirect
INFO:     127.0.0.1:61311 - "GET /phones/?available_only=true HTTP/1.1" 200 OK
INFO:     127.0.0.1:61312 - "GET /phones/?available_only=true&deals_only=true HTTP/1.1" 200 OK
INFO:     127.0.0.1:61314 - "GET /phones?available_only=true HTTP/1.1" 307 Temporary Redirect
INFO:     127.0.0.1:61311 - "GET /phones/?available_only=true HTTP/1.1" 200 OK
INFO:     127.0.0.1:61773 - "GET /phones?available_only=true HTTP/1.1" 307 Temporary Redirect
INFO:     127.0.0.1:61774 - "GET /phones?available_only=true&deals_only=true HTTP/1.1" 307 Temporary Redirect
INFO:     127.0.0.1:61773 - "GET /phones/?available_only=true HTTP/1.1" 200 OK
INFO:     127.0.0.1:61774 - "GET /phones/?available_only=true&deals_only=true HTTP/1.1" 200 OK
INFO:     127.0.0.1:61776 - "GET /phones?available_only=true HTTP/1.1" 307 Temporary Redirect
INFO:     127.0.0.1:61773 - "GET /phones/?available_only=true HTTP/1.1" 200 OK
INFO:     127.0.0.1:61883 - "GET /phones?available_only=true HTTP/1.1" 307 Temporary Redirect
INFO:     127.0.0.1:61884 - "GET /phones?available_only=true&deals_only=true HTTP/1.1" 307 Temporary Redirect
INFO:     127.0.0.1:61883 - "GET /phones/?available_only=true HTTP/1.1" 200 OK
INFO:     127.0.0.1:61884 - "GET /phones/?available_only=true&deals_only=true HTTP/1.1" 200 OK
INFO:     127.0.0.1:62557 - "GET /phones?available_only=true HTTP/1.1" 307 Temporary Redirect
INFO:     127.0.0.1:62558 - "GET /phones?available_only=true&deals_only=true HTTP/1.1" 307 Temporary Redirect
INFO:     127.0.0.1:62557 - "GET /phones/?available_only=true HTTP/1.1" 200 OK
INFO:     127.0.0.1:62558 - "GET /phones/?available_only=true&deals_only=true HTTP/1.1" 200 OK
INFO:     127.0.0.1:62559 - "GET /phones?available_only=true HTTP/1.1" 307 Temporary Redirect
INFO:     127.0.0.1:62560 - "GET /phones?available_only=true&deals_only=true HTTP/1.1" 307 Temporary Redirect
INFO:     127.0.0.1:62557 - "GET /phones/?available_only=true HTTP/1.1" 200 OK
INFO:     127.0.0.1:62558 - "GET /phones/?available_only=true&deals_only=true HTTP/1.1" 200 OK
